0 info it worked if it ends with ok
1 verbose cli [ '/usr/local/bin/node', '/usr/local/bin/npm', 'start' ]
2 info using npm@3.3.6
3 info using node@v5.0.0
4 verbose run-script [ 'prestart', 'start', 'poststart' ]
5 info lifecycle angular2-quickstart@1.0.0~prestart: angular2-quickstart@1.0.0
6 silly lifecycle angular2-quickstart@1.0.0~prestart: no script for prestart, continuing
7 info lifecycle angular2-quickstart@1.0.0~start: angular2-quickstart@1.0.0
8 verbose lifecycle angular2-quickstart@1.0.0~start: unsafe-perm in lifecycle true
9 verbose lifecycle angular2-quickstart@1.0.0~start: PATH: /usr/local/lib/node_modules/npm/bin/node-gyp-bin:/Users/vshevelyova/Desktop/JS_folder/scrum-poker/node_modules/.bin:/usr/local/bin:/usr/bin:/bin:/usr/sbin:/sbin
10 verbose lifecycle angular2-quickstart@1.0.0~start: CWD: /Users/vshevelyova/Desktop/JS_folder/scrum-poker
11 silly lifecycle angular2-quickstart@1.0.0~start: Args: [ '-c', 'tsc && concurrently "tsc -w" "lite-server" ' ]
12 info lifecycle angular2-quickstart@1.0.0~start: Failed to exec start script
13 verbose stack Error: angular2-quickstart@1.0.0 start: `tsc && concurrently "tsc -w" "lite-server" `
13 verbose stack spawn ENOENT
13 verbose stack     at ChildProcess.<anonymous> (/usr/local/lib/node_modules/npm/lib/utils/spawn.js:17:16)
13 verbose stack     at emitTwo (events.js:87:13)
13 verbose stack     at ChildProcess.emit (events.js:172:7)
13 verbose stack     at maybeClose (internal/child_process.js:818:16)
13 verbose stack     at Process.ChildProcess._handle.onexit (internal/child_process.js:211:5)
14 verbose pkgid angular2-quickstart@1.0.0
15 verbose cwd /Users/vshevelyova/Desktop/JS_folder/scrum-poker/app
16 error Darwin 15.4.0
17 error argv "/usr/local/bin/node" "/usr/local/bin/npm" "start"
18 error node v5.0.0
19 error npm  v3.3.6
20 error file sh
21 error code ELIFECYCLE
22 error errno ENOENT
23 error syscall spawn
24 error angular2-quickstart@1.0.0 start: `tsc && concurrently "tsc -w" "lite-server" `
24 error spawn ENOENT
25 error Failed at the angular2-quickstart@1.0.0 start script 'tsc && concurrently "tsc -w" "lite-server" '.
25 error This is most likely a problem with the angular2-quickstart package,
25 error not with npm itself.
25 error Tell the author that this fails on your system:
25 error     tsc && concurrently "tsc -w" "lite-server"
25 error You can get their info via:
25 error     npm owner ls angular2-quickstart
25 error There is likely additional logging output above.
26 verbose exit [ 1, true ]
